<?xml version="1.0" encoding="UTF-8"?>
<testng-results ignored="0" total="8" passed="4" failed="1" skipped="3">
  <reporter-output>
  </reporter-output>
  <suite started-at="2022-07-06T15:17:22Z" name="Open Cart Test Suite" finished-at="2022-07-06T15:17:37Z" duration-ms="14785">
    <groups>
    </groups>
    <test started-at="2022-07-06T15:17:22Z" name="Open Cart Login Page Test _ chrome_89" finished-at="2022-07-06T15:17:37Z" duration-ms="14785">
      <class name="com.qa.opencart.tests.LoginPageTest">
        <test-method is-config="true" signature="setup(java.lang.String, java.lang.String)[pri:0, instance:com.qa.opencart.tests.LoginPageTest@40fa8766]" started-at="2022-07-06T15:17:22Z" name="setup" finished-at="2022-07-06T15:17:30Z" duration-ms="7790" status="PASS">
          <params>
            <param index="0">
              <value>
                <![CDATA[chrome]]>
              </value>
            </param>
            <param index="1">
              <value>
                <![CDATA[89.0]]>
              </value>
            </param>
          </params>
          <reporter-output>
          </reporter-output>
        </test-method> <!-- setup -->
        <test-method signature="forgotPwdLinkTest()[pri:0, instance:com.qa.opencart.tests.LoginPageTest@40fa8766]" started-at="2022-07-06T15:17:30Z" name="forgotPwdLinkTest" finished-at="2022-07-06T15:17:31Z" duration-ms="1323" status="PASS">
          <reporter-output>
          </reporter-output>
        </test-method> <!-- forgotPwdLinkTest -->
        <test-method signature="isRegisterLinkExist()[pri:0, instance:com.qa.opencart.tests.LoginPageTest@40fa8766]" started-at="2022-07-06T15:17:32Z" name="isRegisterLinkExist" finished-at="2022-07-06T15:17:32Z" duration-ms="104" status="PASS">
          <reporter-output>
          </reporter-output>
        </test-method> <!-- isRegisterLinkExist -->
        <test-method signature="loginPageTitleTest()[pri:0, instance:com.qa.opencart.tests.LoginPageTest@40fa8766]" started-at="2022-07-06T15:17:32Z" name="loginPageTitleTest" finished-at="2022-07-06T15:17:32Z" duration-ms="25" status="PASS">
          <reporter-output>
          </reporter-output>
        </test-method> <!-- loginPageTitleTest -->
        <test-method signature="loginPageUrlTest()[pri:0, instance:com.qa.opencart.tests.LoginPageTest@40fa8766]" started-at="2022-07-06T15:17:32Z" name="loginPageUrlTest" finished-at="2022-07-06T15:17:32Z" duration-ms="54" status="PASS">
          <reporter-output>
          </reporter-output>
        </test-method> <!-- loginPageUrlTest -->
        <test-method signature="loginTest()[pri:0, instance:com.qa.opencart.tests.LoginPageTest@40fa8766]" started-at="2022-07-06T15:17:32Z" name="loginTest" finished-at="2022-07-06T15:17:33Z" duration-ms="1104" status="SKIP">
          <exception class="com.qa.opencart.exceptions.ElementUtilException">
            <message>
              <![CDATA[element is not found with the locator: By.xpath: //input[@value='Login']]]>
            </message>
            <full-stacktrace>
              <![CDATA[com.qa.opencart.exceptions.ElementUtilException: element is not found with the locator: By.xpath: //input[@value='Login']
at com.qa.opencart.utils.ElementUtil.getElement(ElementUtil.java:86)
at com.qa.opencart.utils.ElementUtil.doClick(ElementUtil.java:106)
at com.qa.opencart.pages.LoginPage.doLogin(LoginPage.java:55)
at com.qa.opencart.tests.LoginPageTest.loginTest(LoginPageTest.java:53)
at java.base/jdk.internal.reflect.NativeMethodAccessorImpl.invoke0(Native Method)
at java.base/jdk.internal.reflect.NativeMethodAccessorImpl.invoke(NativeMethodAccessorImpl.java:77)
at java.base/jdk.internal.reflect.DelegatingMethodAccessorImpl.invoke(DelegatingMethodAccessorImpl.java:43)
at java.base/java.lang.reflect.Method.invoke(Method.java:568)
at org.testng.internal.MethodInvocationHelper.invokeMethod(MethodInvocationHelper.java:124)
at org.testng.internal.Invoker.invokeMethod(Invoker.java:583)
at org.testng.internal.Invoker.invokeTestMethod(Invoker.java:719)
at org.testng.internal.Invoker.invokeTestMethods(Invoker.java:989)
at org.testng.internal.TestMethodWorker.invokeTestMethods(TestMethodWorker.java:125)
at org.testng.internal.TestMethodWorker.run(TestMethodWorker.java:109)
at org.testng.TestRunner.privateRun(TestRunner.java:648)
at org.testng.TestRunner.run(TestRunner.java:505)
at org.testng.SuiteRunner.runTest(SuiteRunner.java:455)
at org.testng.SuiteRunner.access$000(SuiteRunner.java:40)
at org.testng.SuiteRunner$SuiteWorker.run(SuiteRunner.java:489)
at org.testng.internal.thread.ThreadUtil$1.call(ThreadUtil.java:52)
at java.base/java.util.concurrent.FutureTask.run(FutureTask.java:264)
at java.base/java.util.concurrent.ThreadPoolExecutor.runWorker(ThreadPoolExecutor.java:1136)
at java.base/java.util.concurrent.ThreadPoolExecutor$Worker.run(ThreadPoolExecutor.java:635)
at java.base/java.lang.Thread.run(Thread.java:833)
]]>
            </full-stacktrace>
          </exception> <!-- com.qa.opencart.exceptions.ElementUtilException -->
          <reporter-output>
          </reporter-output>
        </test-method> <!-- loginTest -->
        <test-method signature="loginTest()[pri:0, instance:com.qa.opencart.tests.LoginPageTest@40fa8766]" started-at="2022-07-06T15:17:33Z" name="loginTest" finished-at="2022-07-06T15:17:34Z" duration-ms="944" status="SKIP">
          <exception class="com.qa.opencart.exceptions.ElementUtilException">
            <message>
              <![CDATA[element is not found with the locator: By.xpath: //input[@value='Login']]]>
            </message>
            <full-stacktrace>
              <![CDATA[com.qa.opencart.exceptions.ElementUtilException: element is not found with the locator: By.xpath: //input[@value='Login']
at com.qa.opencart.utils.ElementUtil.getElement(ElementUtil.java:86)
at com.qa.opencart.utils.ElementUtil.doClick(ElementUtil.java:106)
at com.qa.opencart.pages.LoginPage.doLogin(LoginPage.java:55)
at com.qa.opencart.tests.LoginPageTest.loginTest(LoginPageTest.java:53)
at java.base/jdk.internal.reflect.NativeMethodAccessorImpl.invoke0(Native Method)
at java.base/jdk.internal.reflect.NativeMethodAccessorImpl.invoke(NativeMethodAccessorImpl.java:77)
at java.base/jdk.internal.reflect.DelegatingMethodAccessorImpl.invoke(DelegatingMethodAccessorImpl.java:43)
at java.base/java.lang.reflect.Method.invoke(Method.java:568)
at org.testng.internal.MethodInvocationHelper.invokeMethod(MethodInvocationHelper.java:124)
at org.testng.internal.Invoker.invokeMethod(Invoker.java:583)
at org.testng.internal.Invoker.retryFailed(Invoker.java:839)
at org.testng.internal.Invoker.invokeTestMethods(Invoker.java:1010)
at org.testng.internal.TestMethodWorker.invokeTestMethods(TestMethodWorker.java:125)
at org.testng.internal.TestMethodWorker.run(TestMethodWorker.java:109)
at org.testng.TestRunner.privateRun(TestRunner.java:648)
at org.testng.TestRunner.run(TestRunner.java:505)
at org.testng.SuiteRunner.runTest(SuiteRunner.java:455)
at org.testng.SuiteRunner.access$000(SuiteRunner.java:40)
at org.testng.SuiteRunner$SuiteWorker.run(SuiteRunner.java:489)
at org.testng.internal.thread.ThreadUtil$1.call(ThreadUtil.java:52)
at java.base/java.util.concurrent.FutureTask.run(FutureTask.java:264)
at java.base/java.util.concurrent.ThreadPoolExecutor.runWorker(ThreadPoolExecutor.java:1136)
at java.base/java.util.concurrent.ThreadPoolExecutor$Worker.run(ThreadPoolExecutor.java:635)
at java.base/java.lang.Thread.run(Thread.java:833)
]]>
            </full-stacktrace>
          </exception> <!-- com.qa.opencart.exceptions.ElementUtilException -->
          <reporter-output>
          </reporter-output>
        </test-method> <!-- loginTest -->
        <test-method signature="loginTest()[pri:0, instance:com.qa.opencart.tests.LoginPageTest@40fa8766]" started-at="2022-07-06T15:17:34Z" name="loginTest" finished-at="2022-07-06T15:17:35Z" duration-ms="872" status="SKIP">
          <exception class="com.qa.opencart.exceptions.ElementUtilException">
            <message>
              <![CDATA[element is not found with the locator: By.xpath: //input[@value='Login']]]>
            </message>
            <full-stacktrace>
              <![CDATA[com.qa.opencart.exceptions.ElementUtilException: element is not found with the locator: By.xpath: //input[@value='Login']
at com.qa.opencart.utils.ElementUtil.getElement(ElementUtil.java:86)
at com.qa.opencart.utils.ElementUtil.doClick(ElementUtil.java:106)
at com.qa.opencart.pages.LoginPage.doLogin(LoginPage.java:55)
at com.qa.opencart.tests.LoginPageTest.loginTest(LoginPageTest.java:53)
at java.base/jdk.internal.reflect.NativeMethodAccessorImpl.invoke0(Native Method)
at java.base/jdk.internal.reflect.NativeMethodAccessorImpl.invoke(NativeMethodAccessorImpl.java:77)
at java.base/jdk.internal.reflect.DelegatingMethodAccessorImpl.invoke(DelegatingMethodAccessorImpl.java:43)
at java.base/java.lang.reflect.Method.invoke(Method.java:568)
at org.testng.internal.MethodInvocationHelper.invokeMethod(MethodInvocationHelper.java:124)
at org.testng.internal.Invoker.invokeMethod(Invoker.java:583)
at org.testng.internal.Invoker.retryFailed(Invoker.java:839)
at org.testng.internal.Invoker.invokeTestMethods(Invoker.java:1010)
at org.testng.internal.TestMethodWorker.invokeTestMethods(TestMethodWorker.java:125)
at org.testng.internal.TestMethodWorker.run(TestMethodWorker.java:109)
at org.testng.TestRunner.privateRun(TestRunner.java:648)
at org.testng.TestRunner.run(TestRunner.java:505)
at org.testng.SuiteRunner.runTest(SuiteRunner.java:455)
at org.testng.SuiteRunner.access$000(SuiteRunner.java:40)
at org.testng.SuiteRunner$SuiteWorker.run(SuiteRunner.java:489)
at org.testng.internal.thread.ThreadUtil$1.call(ThreadUtil.java:52)
at java.base/java.util.concurrent.FutureTask.run(FutureTask.java:264)
at java.base/java.util.concurrent.ThreadPoolExecutor.runWorker(ThreadPoolExecutor.java:1136)
at java.base/java.util.concurrent.ThreadPoolExecutor$Worker.run(ThreadPoolExecutor.java:635)
at java.base/java.lang.Thread.run(Thread.java:833)
]]>
            </full-stacktrace>
          </exception> <!-- com.qa.opencart.exceptions.ElementUtilException -->
          <reporter-output>
          </reporter-output>
        </test-method> <!-- loginTest -->
        <test-method signature="loginTest()[pri:0, instance:com.qa.opencart.tests.LoginPageTest@40fa8766]" started-at="2022-07-06T15:17:35Z" name="loginTest" finished-at="2022-07-06T15:17:36Z" duration-ms="827" status="FAIL">
          <exception class="com.qa.opencart.exceptions.ElementUtilException">
            <message>
              <![CDATA[element is not found with the locator: By.xpath: //input[@value='Login']]]>
            </message>
            <full-stacktrace>
              <![CDATA[com.qa.opencart.exceptions.ElementUtilException: element is not found with the locator: By.xpath: //input[@value='Login']
at com.qa.opencart.utils.ElementUtil.getElement(ElementUtil.java:86)
at com.qa.opencart.utils.ElementUtil.doClick(ElementUtil.java:106)
at com.qa.opencart.pages.LoginPage.doLogin(LoginPage.java:55)
at com.qa.opencart.tests.LoginPageTest.loginTest(LoginPageTest.java:53)
at java.base/jdk.internal.reflect.NativeMethodAccessorImpl.invoke0(Native Method)
at java.base/jdk.internal.reflect.NativeMethodAccessorImpl.invoke(NativeMethodAccessorImpl.java:77)
at java.base/jdk.internal.reflect.DelegatingMethodAccessorImpl.invoke(DelegatingMethodAccessorImpl.java:43)
at java.base/java.lang.reflect.Method.invoke(Method.java:568)
at org.testng.internal.MethodInvocationHelper.invokeMethod(MethodInvocationHelper.java:124)
at org.testng.internal.Invoker.invokeMethod(Invoker.java:583)
at org.testng.internal.Invoker.retryFailed(Invoker.java:839)
at org.testng.internal.Invoker.invokeTestMethods(Invoker.java:1010)
at org.testng.internal.TestMethodWorker.invokeTestMethods(TestMethodWorker.java:125)
at org.testng.internal.TestMethodWorker.run(TestMethodWorker.java:109)
at org.testng.TestRunner.privateRun(TestRunner.java:648)
at org.testng.TestRunner.run(TestRunner.java:505)
at org.testng.SuiteRunner.runTest(SuiteRunner.java:455)
at org.testng.SuiteRunner.access$000(SuiteRunner.java:40)
at org.testng.SuiteRunner$SuiteWorker.run(SuiteRunner.java:489)
at org.testng.internal.thread.ThreadUtil$1.call(ThreadUtil.java:52)
at java.base/java.util.concurrent.FutureTask.run(FutureTask.java:264)
at java.base/java.util.concurrent.ThreadPoolExecutor.runWorker(ThreadPoolExecutor.java:1136)
at java.base/java.util.concurrent.ThreadPoolExecutor$Worker.run(ThreadPoolExecutor.java:635)
at java.base/java.lang.Thread.run(Thread.java:833)
]]>
            </full-stacktrace>
          </exception> <!-- com.qa.opencart.exceptions.ElementUtilException -->
          <reporter-output>
          </reporter-output>
        </test-method> <!-- loginTest -->
        <test-method is-config="true" signature="tearDown()[pri:0, instance:com.qa.opencart.tests.LoginPageTest@40fa8766]" started-at="2022-07-06T15:17:36Z" name="tearDown" finished-at="2022-07-06T15:17:37Z" duration-ms="597" status="PASS">
          <reporter-output>
          </reporter-output>
        </test-method> <!-- tearDown -->
      </class> <!-- com.qa.opencart.tests.LoginPageTest -->
    </test> <!-- Open Cart Login Page Test _ chrome_89 -->
  </suite> <!-- Open Cart Test Suite -->
</testng-results>
